<?xml version="1.0" encoding="utf-8"?><testsuites name="pytest tests"><testsuite name="pytest" errors="0" failures="0" skipped="4" tests="15" time="3.148" timestamp="2026-04-04T14:47:36.765175+00:00" hostname="agent-env-1e98a565-a80f-4eab-9012-e85c030e64a4"><testcase classname="tests.test_earms_iteration9.TestHealthAndSetup" name="test_health_endpoint" time="0.170" /><testcase classname="tests.test_earms_iteration9.TestHealthAndSetup" name="test_settings_get" time="0.119" /><testcase classname="tests.test_earms_iteration9.TestHealthAndSetup" name="test_settings_setup_endpoint" time="0.112" /><testcase classname="tests.test_earms_iteration9.TestRoomsAPI" name="test_get_rooms" time="0.108" /><testcase classname="tests.test_earms_iteration9.TestRoomsAPI" name="test_get_rooms_list" time="0.105" /><testcase classname="tests.test_earms_iteration9.TestBookingsAPI" name="test_get_bookings" time="0.420" /><testcase classname="tests.test_earms_iteration9.TestBookingsAPI" name="test_create_booking_valid" time="0.317"><skipped type="pytest.skip" message="No available rooms for testing">/app/backend/tests/test_earms_iteration9.py:128: No available rooms for testing</skipped></testcase><testcase classname="tests.test_earms_iteration9.TestBookingsAPI" name="test_create_booking_invalid_guest_name_short" time="0.329"><skipped type="pytest.skip" message="No available rooms for testing">/app/backend/tests/test_earms_iteration9.py:162: No available rooms for testing</skipped></testcase><testcase classname="tests.test_earms_iteration9.TestBookingsAPI" name="test_guest_history_lookup" time="0.399" /><testcase classname="tests.test_earms_iteration9.TestBookingsAPI" name="test_calculate_refund" time="0.399"><skipped type="pytest.skip" message="No confirmed bookings to test refund calculation">/app/backend/tests/test_earms_iteration9.py:207: No confirmed bookings to test refund calculation</skipped></testcase><testcase classname="tests.test_earms_iteration9.TestCheckInValidation" name="test_checkin_requires_staff" time="0.103"><skipped type="pytest.skip" message="No confirmed bookings to test check-in">/app/backend/tests/test_earms_iteration9.py:230: No confirmed bookings to test check-in</skipped></testcase><testcase classname="tests.test_earms_iteration9.TestStaffAPI" name="test_get_staff" time="0.097" /><testcase classname="tests.test_earms_iteration9.TestRefundsAPI" name="test_get_refunds" time="0.096" /><testcase classname="tests.test_earms_iteration9.TestFeedbackAPI" name="test_get_feedback_analysis" time="0.092" /><testcase classname="tests.test_earms_iteration9.TestDashboardAPI" name="test_get_dashboard_occupancy" time="0.198" /></testsuite></testsuites>