<?xml version="1.0" encoding="utf-8"?><testsuites name="pytest tests"><testsuite name="pytest" errors="0" failures="0" skipped="0" tests="3" time="1.002" timestamp="2026-04-02T17:09:56.027386+00:00" hostname="agent-env-c508d99f-d088-443f-9458-125700b25d1a"><testcase classname="backend.tests.test_booking_simplified.TestBookingAPI" name="test_create_booking_without_guest_contact" time="0.384" /><testcase classname="backend.tests.test_booking_simplified.TestBookingAPI" name="test_create_booking_minimal_fields_only_name_dates_room" time="0.405" /><testcase classname="backend.tests.test_booking_simplified.TestBookingAPI" name="test_bookings_list_returns_ok" time="0.137" /></testsuite></testsuites>