<?xml version="1.0" encoding="utf-8"?><testsuites name="pytest tests"><testsuite name="pytest" errors="0" failures="0" skipped="0" tests="10" time="2.779" timestamp="2026-04-03T00:54:10.901838+00:00" hostname="agent-env-c508d99f-d088-443f-9458-125700b25d1a"><testcase classname="backend.tests.test_iteration8.TestCalculateRefund" name="test_calculate_refund_returns_200" time="0.401" /><testcase classname="backend.tests.test_iteration8.TestCalculateRefund" name="test_calculate_refund_response_structure" time="0.270" /><testcase classname="backend.tests.test_iteration8.TestCalculateRefund" name="test_calculate_refund_math" time="0.286" /><testcase classname="backend.tests.test_iteration8.TestCalculateRefund" name="test_calculate_refund_invalid_id" time="0.203" /><testcase classname="backend.tests.test_iteration8.TestCalculateRefund" name="test_charge_percent_is_valid" time="0.282" /><testcase classname="backend.tests.test_iteration8.TestCalculateRefund" name="test_refund_amount_non_negative" time="0.262" /><testcase classname="backend.tests.test_iteration8.TestBookingWithPaymentMode" name="test_booking_cash_payment_mode" time="0.227" /><testcase classname="backend.tests.test_iteration8.TestBookingWithPaymentMode" name="test_booking_upi_payment_mode" time="0.246" /><testcase classname="backend.tests.test_iteration8.TestBookingWithPaymentMode" name="test_booking_bank_transfer_payment_mode" time="0.214" /><testcase classname="backend.tests.test_iteration8.TestBookingWithPaymentMode" name="test_booking_card_payment_mode" time="0.213" /></testsuite></testsuites>