<?xml version="1.0" encoding="utf-8"?><testsuites name="pytest tests"><testsuite name="pytest" errors="0" failures="0" skipped="0" tests="5" time="1.467" timestamp="2026-04-02T18:11:53.011401+00:00" hostname="agent-env-c508d99f-d088-443f-9458-125700b25d1a"><testcase classname="backend.tests.test_iteration7.TestRefundUpdate" name="test_get_pending_refunds" time="0.325" /><testcase classname="backend.tests.test_iteration7.TestRefundUpdate" name="test_update_refund_to_completed" time="0.477" /><testcase classname="backend.tests.test_iteration7.TestRefundUpdate" name="test_update_refund_invalid_id" time="0.155" /><testcase classname="backend.tests.test_iteration7.TestRefundUpdate" name="test_get_checked_in_bookings_have_advance_paid" time="0.112" /><testcase classname="backend.tests.test_iteration7.TestRefundUpdate" name="test_dashboard_funds_pending_refunds_amount" time="0.138" /></testsuite></testsuites>