<?xml version="1.0" encoding="utf-8"?><testsuites name="pytest tests"><testsuite name="pytest" errors="0" failures="0" skipped="0" tests="12" time="2.556" timestamp="2026-04-02T11:54:13.661761+00:00" hostname="agent-env-c508d99f-d088-443f-9458-125700b25d1a"><testcase classname="backend.tests.test_booking_system.TestSettings" name="test_get_settings" time="0.293" /><testcase classname="backend.tests.test_booking_system.TestSettings" name="test_settings_has_def_civ_rates" time="0.126" /><testcase classname="backend.tests.test_booking_system.TestSettings" name="test_settings_has_ranks" time="0.143" /><testcase classname="backend.tests.test_booking_system.TestSettings" name="test_update_settings" time="0.255" /><testcase classname="backend.tests.test_booking_system.TestRooms" name="test_get_rooms" time="0.116" /><testcase classname="backend.tests.test_booking_system.TestRooms" name="test_rooms_have_categories" time="0.114" /><testcase classname="backend.tests.test_booking_system.TestBookings" name="test_get_bookings" time="0.101" /><testcase classname="backend.tests.test_booking_system.TestBookings" name="test_create_booking_with_bank_details" time="0.365" /><testcase classname="backend.tests.test_booking_system.TestBookings" name="test_create_and_cancel_booking_creates_refund" time="0.587" /><testcase classname="backend.tests.test_booking_system.TestRefunds" name="test_get_pending_refunds" time="0.095" /><testcase classname="backend.tests.test_booking_system.TestRefunds" name="test_get_all_refunds" time="0.100" /><testcase classname="backend.tests.test_booking_system.TestRoomAvailability" name="test_room_availability" time="0.103" /></testsuite></testsuites>