<?xml version="1.0" encoding="utf-8"?><testsuites name="pytest tests"><testsuite name="pytest" errors="0" failures="0" skipped="0" tests="8" time="2.277" timestamp="2026-04-02T12:51:20.127441+00:00" hostname="agent-env-c508d99f-d088-443f-9458-125700b25d1a"><testcase classname="backend.tests.test_new_features.TestExtraBeds" name="test_checkin_with_extra_beds" time="0.746" /><testcase classname="backend.tests.test_new_features.TestFeedbackAPI" name="test_submit_feedback" time="0.763" /><testcase classname="backend.tests.test_new_features.TestFeedbackAPI" name="test_get_feedback_analysis" time="0.146" /><testcase classname="backend.tests.test_new_features.TestFeedbackAPI" name="test_get_feedbacks_list" time="0.103" /><testcase classname="backend.tests.test_new_features.TestSettingsRates" name="test_cat_i_rate_500" time="0.102" /><testcase classname="backend.tests.test_new_features.TestSettingsRates" name="test_cat_ii_rate_400" time="0.119" /><testcase classname="backend.tests.test_new_features.TestSettingsRates" name="test_def_civ_rates_600" time="0.123" /><testcase classname="backend.tests.test_new_features.TestSettingsRates" name="test_default_advance_400" time="0.104" /></testsuite></testsuites>