<?xml version="1.0" encoding="utf-8"?><testsuites name="pytest tests"><testsuite name="pytest" errors="0" failures="0" skipped="0" tests="6" time="1.322" timestamp="2026-04-07T15:17:24.816688+00:00" hostname="agent-env-39222909-6bde-41e2-af8c-7ffcdb0b9ddf"><testcase classname="backend.tests.test_p1_bank_details.TestBookingWithBankDetails" name="test_create_booking_with_all_bank_upi_fields" time="0.470" /><testcase classname="backend.tests.test_p1_bank_details.TestBookingWithBankDetails" name="test_create_booking_with_partial_bank_details" time="0.053" /><testcase classname="backend.tests.test_p1_bank_details.TestBankDetailsInRefund" name="test_cancel_booking_creates_refund_with_bank_details" time="0.276" /><testcase classname="backend.tests.test_p1_bank_details.TestCheckInAutoFillBankDetails" name="test_booking_has_bank_details_for_checkin_autofill" time="0.155" /><testcase classname="backend.tests.test_p1_bank_details.TestPaymentModeSimplification" name="test_upi_payment_with_transaction_id_only" time="0.051" /><testcase classname="backend.tests.test_p1_bank_details.TestPaymentModeSimplification" name="test_bank_transfer_with_reference_only" time="0.049" /></testsuite></testsuites>