<?xml version="1.0" encoding="utf-8"?><testsuites name="pytest tests"><testsuite name="pytest" errors="0" failures="0" skipped="0" tests="13" time="1.560" timestamp="2026-04-07T16:45:43.044388+00:00" hostname="agent-env-39222909-6bde-41e2-af8c-7ffcdb0b9ddf"><testcase classname="backend.tests.test_p4_room_categories.TestSettingsRoomCategories" name="test_settings_contains_room_categories" time="0.126" /><testcase classname="backend.tests.test_p4_room_categories.TestSettingsRoomCategories" name="test_default_categories_structure" time="0.048" /><testcase classname="backend.tests.test_p4_room_categories.TestUpdateRoomCategories" name="test_update_categories_success" time="0.218" /><testcase classname="backend.tests.test_p4_room_categories.TestUpdateRoomCategories" name="test_update_categories_validation_missing_fields" time="0.054" /><testcase classname="backend.tests.test_p4_room_categories.TestUpdateRoomCategories" name="test_update_categories_validation_missing_id" time="0.050" /><testcase classname="backend.tests.test_p4_room_categories.TestUpdateRoomCategories" name="test_update_categories_validation_missing_name" time="0.092" /><testcase classname="backend.tests.test_p4_room_categories.TestUpdateRoomCategories" name="test_update_categories_validation_missing_prefix" time="0.046" /><testcase classname="backend.tests.test_p4_room_categories.TestUpdateRoomCategories" name="test_update_single_category" time="0.102" /><testcase classname="backend.tests.test_p4_room_categories.TestUpdateRoomCategories" name="test_update_multiple_categories" time="0.096" /><testcase classname="backend.tests.test_p4_room_categories.TestUpdateRoomCategories" name="test_update_categories_with_zero_room_count" time="0.104" /><testcase classname="backend.tests.test_p4_room_categories.TestUpdateRoomCategories" name="test_update_categories_empty_array" time="0.055" /><testcase classname="backend.tests.test_p4_room_categories.TestCategoryDataIntegrity" name="test_category_update_preserves_other_settings" time="0.196" /><testcase classname="backend.tests.test_p4_room_categories.TestCategoryDataIntegrity" name="test_category_update_sets_updated_at" time="0.298" /></testsuite></testsuites>