<?xml version="1.0" encoding="utf-8"?><testsuites name="pytest tests"><testsuite name="pytest" errors="0" failures="0" skipped="0" tests="8" time="1.981" timestamp="2026-04-07T15:53:32.310188+00:00" hostname="agent-env-39222909-6bde-41e2-af8c-7ffcdb0b9ddf"><testcase classname="backend.tests.test_p2_room_modification.TestRoomsAvailableEndpoint" name="test_get_available_rooms_basic" time="0.243" /><testcase classname="backend.tests.test_p2_room_modification.TestRoomsAvailableEndpoint" name="test_available_rooms_excludes_booked_rooms" time="0.155" /><testcase classname="backend.tests.test_p2_room_modification.TestRoomsAvailableEndpoint" name="test_available_rooms_with_exclude_booking_id" time="0.144" /><testcase classname="backend.tests.test_p2_room_modification.TestUpdateRoomsEndpoint" name="test_update_rooms_for_confirmed_booking" time="0.160" /><testcase classname="backend.tests.test_p2_room_modification.TestUpdateRoomsEndpoint" name="test_update_rooms_blocked_for_checked_in_booking" time="0.439" /><testcase classname="backend.tests.test_p2_room_modification.TestUpdateRoomsEndpoint" name="test_update_rooms_validates_room_count" time="0.245" /><testcase classname="backend.tests.test_p2_room_modification.TestUpdateRoomsEndpoint" name="test_update_rooms_updates_categories" time="0.119" /><testcase classname="backend.tests.test_p2_room_modification.TestRoomModificationIntegration" name="test_full_room_modification_flow" time="0.389" /></testsuite></testsuites>