<?xml version="1.0" encoding="utf-8"?><testsuites name="pytest tests"><testsuite name="pytest" errors="0" failures="0" skipped="4" tests="4" time="0.510" timestamp="2026-04-07T14:42:47.834743+00:00" hostname="agent-env-39222909-6bde-41e2-af8c-7ffcdb0b9ddf"><testcase classname="backend.tests.test_checkin_redesign.TestNewRoomGuestMappingStructure" name="test_checkin_with_new_structure_has_self_and_family_members" time="0.421"><skipped type="pytest.skip" message="Could not create test booking">/app/backend/tests/test_checkin_redesign.py:104: Could not create test booking</skipped></testcase><testcase classname="backend.tests.test_checkin_redesign.TestDependentCardPricing" name="test_family_member_with_dependent_card_uses_regular_rate" time="0.000"><skipped type="pytest.skip" message="Could not create test booking">/app/backend/tests/test_checkin_redesign.py:200: Could not create test booking</skipped></testcase><testcase classname="backend.tests.test_checkin_redesign.TestDependentCardPricing" name="test_family_member_without_dependent_card_uses_def_civ_rate" time="0.000"><skipped type="pytest.skip" message="Could not create test booking">/app/backend/tests/test_checkin_redesign.py:268: Could not create test booking</skipped></testcase><testcase classname="backend.tests.test_checkin_redesign.TestSelfOnlyInOneRoom" name="test_self_in_only_one_room_validation" time="0.000"><skipped type="pytest.skip" message="Could not create test booking">/app/backend/tests/test_checkin_redesign.py:340: Could not create test booking</skipped></testcase></testsuite></testsuites>