<?xml version="1.0" encoding="utf-8"?><testsuites name="pytest tests"><testsuite name="pytest" errors="0" failures="0" skipped="0" tests="12" time="3.065" timestamp="2026-04-10T19:13:08.970970+00:00" hostname="agent-env-39222909-6bde-41e2-af8c-7ffcdb0b9ddf"><testcase classname="backend.tests.test_mix_match_rooms.TestOptimalRoomCombinationAPI" name="test_optimal_combination_single_room" time="0.312" /><testcase classname="backend.tests.test_mix_match_rooms.TestOptimalRoomCombinationAPI" name="test_optimal_combination_multiple_rooms" time="0.159" /><testcase classname="backend.tests.test_mix_match_rooms.TestOptimalRoomCombinationAPI" name="test_optimal_combination_three_rooms" time="0.114" /><testcase classname="backend.tests.test_mix_match_rooms.TestOptimalRoomCombinationAPI" name="test_optimal_combination_invalid_dates" time="0.113" /><testcase classname="backend.tests.test_mix_match_rooms.TestOptimalRoomCombinationAPI" name="test_optimal_combination_with_exclude_booking" time="0.116" /><testcase classname="backend.tests.test_mix_match_rooms.TestSegmentedBookingCreation" name="test_create_segmented_booking" time="0.396" /><testcase classname="backend.tests.test_mix_match_rooms.TestSegmentedBookingCreation" name="test_create_multi_room_segmented_booking" time="0.348" /><testcase classname="backend.tests.test_mix_match_rooms.TestSegmentedBookingCreation" name="test_segmented_booking_cost_calculation" time="0.479" /><testcase classname="backend.tests.test_mix_match_rooms.TestEdgeCases" name="test_insufficient_room_availability" time="0.112" /><testcase classname="backend.tests.test_mix_match_rooms.TestEdgeCases" name="test_single_night_booking" time="0.140" /><testcase classname="backend.tests.test_mix_match_rooms.TestEdgeCases" name="test_long_stay_booking" time="0.109" /><testcase classname="backend.tests.test_mix_match_rooms.TestDatabasePersistence" name="test_room_segments_persisted" time="0.452" /></testsuite></testsuites>