<?xml version="1.0" encoding="utf-8"?><testsuites name="pytest tests"><testsuite name="pytest" errors="0" failures="0" skipped="0" tests="8" time="1.034" timestamp="2026-04-07T14:10:19.022081+00:00" hostname="agent-env-39222909-6bde-41e2-af8c-7ffcdb0b9ddf"><testcase classname="backend.tests.test_checkin_pricing_logic.TestSettingsConfiguration" name="test_settings_have_def_civ_rates" time="0.275" /><testcase classname="backend.tests.test_checkin_pricing_logic.TestSettingsConfiguration" name="test_cat_i_rate_calculation" time="0.000" /><testcase classname="backend.tests.test_checkin_pricing_logic.TestSettingsConfiguration" name="test_cat_ii_rate_calculation" time="0.000" /><testcase classname="backend.tests.test_checkin_pricing_logic.TestCheckInRequestModel" name="test_checkin_request_accepts_room_guest_mapping" time="0.225" /><testcase classname="backend.tests.test_checkin_pricing_logic.TestCheckInWithAllValidIds" name="test_checkin_all_valid_ids_uses_regular_rates" time="0.111" /><testcase classname="backend.tests.test_checkin_pricing_logic.TestCheckInWithMixedIds" name="test_checkin_mixed_ids_uses_def_civ_rate" time="0.107" /><testcase classname="backend.tests.test_checkin_pricing_logic.TestCheckInWithFamilyMembers" name="test_checkin_stores_family_members_with_dependent_id" time="0.108" /><testcase classname="backend.tests.test_checkin_pricing_logic.TestCheckInWithFamilyMembers" name="test_family_member_without_valid_id_triggers_def_civ" time="0.109" /></testsuite></testsuites>