<?xml version="1.0" encoding="utf-8"?><testsuites name="pytest tests"><testsuite name="pytest" errors="0" failures="0" skipped="0" tests="25" time="6.435" timestamp="2026-04-07T17:58:44.246749+00:00" hostname="agent-env-39222909-6bde-41e2-af8c-7ffcdb0b9ddf"><testcase classname="backend.tests.test_validation_uniformity.TestMobileValidation" name="test_booking_valid_mobile_starting_with_9" time="0.352" /><testcase classname="backend.tests.test_validation_uniformity.TestMobileValidation" name="test_booking_valid_mobile_starting_with_6" time="0.209" /><testcase classname="backend.tests.test_validation_uniformity.TestMobileValidation" name="test_booking_valid_mobile_starting_with_7" time="0.218" /><testcase classname="backend.tests.test_validation_uniformity.TestMobileValidation" name="test_booking_valid_mobile_starting_with_8" time="0.219" /><testcase classname="backend.tests.test_validation_uniformity.TestMobileValidation" name="test_booking_invalid_mobile_starting_with_5" time="0.167" /><testcase classname="backend.tests.test_validation_uniformity.TestMobileValidation" name="test_booking_invalid_mobile_starting_with_0" time="0.171" /><testcase classname="backend.tests.test_validation_uniformity.TestMobileValidation" name="test_booking_invalid_mobile_9_digits" time="0.184" /><testcase classname="backend.tests.test_validation_uniformity.TestMobileValidation" name="test_booking_invalid_upi_phone" time="0.189" /><testcase classname="backend.tests.test_validation_uniformity.TestIFSCValidation" name="test_booking_valid_ifsc" time="0.249" /><testcase classname="backend.tests.test_validation_uniformity.TestIFSCValidation" name="test_booking_valid_ifsc_with_alphanumeric" time="0.241" /><testcase classname="backend.tests.test_validation_uniformity.TestIFSCValidation" name="test_booking_invalid_ifsc_wrong_5th_char" time="0.205" /><testcase classname="backend.tests.test_validation_uniformity.TestIFSCValidation" name="test_booking_invalid_ifsc_too_short" time="0.188" /><testcase classname="backend.tests.test_validation_uniformity.TestIFSCValidation" name="test_booking_invalid_ifsc_too_long" time="0.188" /><testcase classname="backend.tests.test_validation_uniformity.TestIFSCValidation" name="test_booking_invalid_ifsc_numbers_in_first_4" time="0.198" /><testcase classname="backend.tests.test_validation_uniformity.TestUppercaseConversion" name="test_booking_army_number_uppercase" time="0.233" /><testcase classname="backend.tests.test_validation_uniformity.TestUppercaseConversion" name="test_booking_ifsc_uppercase" time="0.278" /><testcase classname="backend.tests.test_validation_uniformity.TestUppercaseConversion" name="test_checkin_ifsc_uppercase" time="0.300" /><testcase classname="backend.tests.test_validation_uniformity.TestUppercaseConversion" name="test_checkin_dependent_id_uppercase" time="0.364" /><testcase classname="backend.tests.test_validation_uniformity.TestCheckInValidation" name="test_checkin_invalid_mobile" time="0.377" /><testcase classname="backend.tests.test_validation_uniformity.TestCheckInValidation" name="test_checkin_invalid_upi_phone" time="0.346" /><testcase classname="backend.tests.test_validation_uniformity.TestCheckInValidation" name="test_checkin_invalid_ifsc" time="0.350" /><testcase classname="backend.tests.test_validation_uniformity.TestCheckInValidation" name="test_checkin_invalid_family_member_mobile" time="0.382" /><testcase classname="backend.tests.test_validation_uniformity.TestOptionalFields" name="test_booking_without_mobile" time="0.254" /><testcase classname="backend.tests.test_validation_uniformity.TestOptionalFields" name="test_booking_without_ifsc" time="0.257" /><testcase classname="backend.tests.test_validation_uniformity.TestOptionalFields" name="test_booking_without_army_number" time="0.220" /></testsuite></testsuites>