<?xml version="1.0" encoding="utf-8"?><testsuites name="pytest tests"><testsuite name="pytest" errors="0" failures="0" skipped="0" tests="18" time="3.329" timestamp="2026-04-09T18:04:50.543426+00:00" hostname="agent-env-39222909-6bde-41e2-af8c-7ffcdb0b9ddf"><testcase classname="backend.tests.test_reports_tabs.TestRoomOccupancyReport" name="test_room_occupancy_monthly_filter" time="0.373" /><testcase classname="backend.tests.test_reports_tabs.TestRoomOccupancyReport" name="test_room_occupancy_daily_filter" time="0.237" /><testcase classname="backend.tests.test_reports_tabs.TestRoomOccupancyReport" name="test_room_occupancy_quarterly_filter" time="0.128" /><testcase classname="backend.tests.test_reports_tabs.TestRoomOccupancyReport" name="test_room_occupancy_annual_filter" time="0.122" /><testcase classname="backend.tests.test_reports_tabs.TestRoomOccupancyReport" name="test_room_occupancy_custom_filter" time="0.126" /><testcase classname="backend.tests.test_reports_tabs.TestRoomOccupancyReport" name="test_room_occupancy_missing_params" time="0.222" /><testcase classname="backend.tests.test_reports_tabs.TestRoomOccupancyReport" name="test_room_occupancy_invalid_filter_type" time="0.254" /><testcase classname="backend.tests.test_reports_tabs.TestRoomAllotmentReport" name="test_room_allotment_monthly_filter" time="0.114" /><testcase classname="backend.tests.test_reports_tabs.TestRoomAllotmentReport" name="test_room_allotment_daily_filter" time="0.158" /><testcase classname="backend.tests.test_reports_tabs.TestRoomAllotmentReport" name="test_room_allotment_quarterly_filter" time="0.120" /><testcase classname="backend.tests.test_reports_tabs.TestRoomAllotmentReport" name="test_room_allotment_custom_filter" time="0.159" /><testcase classname="backend.tests.test_reports_tabs.TestGuestDetailsReport" name="test_guest_details_monthly_filter" time="0.103" /><testcase classname="backend.tests.test_reports_tabs.TestGuestDetailsReport" name="test_guest_details_daily_filter" time="0.109" /><testcase classname="backend.tests.test_reports_tabs.TestGuestDetailsReport" name="test_guest_details_quarterly_filter" time="0.153" /><testcase classname="backend.tests.test_reports_tabs.TestGuestDetailsReport" name="test_guest_details_annual_filter" time="0.113" /><testcase classname="backend.tests.test_reports_tabs.TestGuestDetailsReport" name="test_guest_details_custom_filter" time="0.105" /><testcase classname="backend.tests.test_reports_tabs.TestExistingMonthlyReport" name="test_monthly_report_endpoint" time="0.136" /><testcase classname="backend.tests.test_reports_tabs.TestDataConsistency" name="test_april_2026_data_exists" time="0.326" /></testsuite></testsuites>