<?xml version="1.0" encoding="utf-8"?><testsuites name="pytest tests"><testsuite name="pytest" errors="0" failures="0" skipped="0" tests="11" time="3.584" timestamp="2026-04-09T15:08:19.127944+00:00" hostname="agent-env-39222909-6bde-41e2-af8c-7ffcdb0b9ddf"><testcase classname="backend.tests.test_delete_booking_and_dynamic_ranks.TestDeleteBookingAPI" name="test_delete_booking_success" time="0.462" /><testcase classname="backend.tests.test_delete_booking_and_dynamic_ranks.TestDeleteBookingAPI" name="test_delete_booking_frees_rooms" time="0.390" /><testcase classname="backend.tests.test_delete_booking_and_dynamic_ranks.TestDeleteBookingAPI" name="test_delete_nonexistent_booking" time="0.130" /><testcase classname="backend.tests.test_delete_booking_and_dynamic_ranks.TestDeleteBookingAPI" name="test_delete_already_deleted_booking" time="0.344" /><testcase classname="backend.tests.test_delete_booking_and_dynamic_ranks.TestDeleteBookingAPI" name="test_delete_cancelled_booking" time="0.293" /><testcase classname="backend.tests.test_delete_booking_and_dynamic_ranks.TestDynamicRankDropdown" name="test_get_settings_returns_ranks" time="0.190" /><testcase classname="backend.tests.test_delete_booking_and_dynamic_ranks.TestDynamicRankDropdown" name="test_add_new_rank_to_settings" time="0.259" /><testcase classname="backend.tests.test_delete_booking_and_dynamic_ranks.TestDynamicRankDropdown" name="test_ranks_persist_after_update" time="0.259" /><testcase classname="backend.tests.test_delete_booking_and_dynamic_ranks.TestDynamicRankDropdown" name="test_booking_with_custom_rank" time="0.400" /><testcase classname="backend.tests.test_delete_booking_and_dynamic_ranks.TestDeleteBookingAllStatuses" name="test_delete_confirmed_booking" time="0.265" /><testcase classname="backend.tests.test_delete_booking_and_dynamic_ranks.TestDeleteBookingAllStatuses" name="test_delete_cancelled_booking" time="0.348" /></testsuite></testsuites>